Generated at 2018-07-18 21:53:17 +0200
Chef::Exceptions::ValidationFailed: Property package_name must be one of: String, Array!  You passed #<Enumerator: ["php-curl", "php-gd", "php-mbstring", "php-xml", "php-xmlrpc"]:each>.
/opt/chefdk/embedded/lib/ruby/gems/2.5.0/gems/chef-14.2.0/lib/chef/mixin/params_validate.rb:437:in `_pv_is'
/opt/chefdk/embedded/lib/ruby/gems/2.5.0/gems/chef-14.2.0/lib/chef/mixin/params_validate.rb:113:in `block (2 levels) in validate'
/opt/chefdk/embedded/lib/ruby/gems/2.5.0/gems/chef-14.2.0/lib/chef/mixin/params_validate.rb:110:in `each'
/opt/chefdk/embedded/lib/ruby/gems/2.5.0/gems/chef-14.2.0/lib/chef/mixin/params_validate.rb:110:in `block in validate'
/opt/chefdk/embedded/lib/ruby/gems/2.5.0/gems/chef-14.2.0/lib/chef/mixin/params_validate.rb:98:in `each'
/opt/chefdk/embedded/lib/ruby/gems/2.5.0/gems/chef-14.2.0/lib/chef/mixin/params_validate.rb:98:in `validate'
/opt/chefdk/embedded/lib/ruby/gems/2.5.0/gems/chef-14.2.0/lib/chef/property.rb:492:in `validate'
/opt/chefdk/embedded/lib/ruby/gems/2.5.0/gems/chef-14.2.0/lib/chef/property.rb:702:in `coerce_and_validate'
/opt/chefdk/embedded/lib/ruby/gems/2.5.0/gems/chef-14.2.0/lib/chef/property.rb:685:in `input_to_stored_value'
/opt/chefdk/embedded/lib/ruby/gems/2.5.0/gems/chef-14.2.0/lib/chef/property.rb:404:in `set'
/opt/chefdk/embedded/lib/ruby/gems/2.5.0/gems/chef-14.2.0/lib/chef/property.rb:326:in `call'
/opt/chefdk/embedded/lib/ruby/gems/2.5.0/gems/chef-14.2.0/lib/chef/property.rb:547:in `package_name'
/opt/chefdk/embedded/lib/ruby/gems/2.5.0/gems/chef-14.2.0/lib/chef/resource/package.rb:40:in `initialize'
/opt/chefdk/embedded/lib/ruby/gems/2.5.0/gems/chef-14.2.0/lib/chef/resource_builder.rb:46:in `new'
/opt/chefdk/embedded/lib/ruby/gems/2.5.0/gems/chef-14.2.0/lib/chef/resource_builder.rb:46:in `build'
/opt/chefdk/embedded/lib/ruby/gems/2.5.0/gems/chef-14.2.0/lib/chef/dsl/declare_resource.rb:314:in `build_resource'
/opt/chefdk/embedded/lib/ruby/gems/2.5.0/gems/chef-14.2.0/lib/chef/dsl/declare_resource.rb:271:in `declare_resource'
/opt/chefdk/embedded/lib/ruby/gems/2.5.0/gems/chef-14.2.0/lib/chef/dsl/resources.rb:38:in `package'
/home/ansible/chef-repo/cookbooks/Wordpress/local-mode-cache/cache/cookbooks/Wordpress/recipes/php.rb:6:in `from_file'
/opt/chefdk/embedded/lib/ruby/gems/2.5.0/gems/chef-14.2.0/lib/chef/mixin/from_file.rb:34:in `instance_eval'
/opt/chefdk/embedded/lib/ruby/gems/2.5.0/gems/chef-14.2.0/lib/chef/mixin/from_file.rb:34:in `from_file'
/opt/chefdk/embedded/lib/ruby/gems/2.5.0/gems/chef-14.2.0/lib/chef/cookbook_version.rb:199:in `load_recipe'
/opt/chefdk/embedded/lib/ruby/gems/2.5.0/gems/chef-14.2.0/lib/chef/run_context.rb:350:in `load_recipe'
/opt/chefdk/embedded/lib/ruby/gems/2.5.0/gems/chef-14.2.0/lib/chef/run_context/cookbook_compiler.rb:166:in `block in compile_recipes'
/opt/chefdk/embedded/lib/ruby/gems/2.5.0/gems/chef-14.2.0/lib/chef/run_context/cookbook_compiler.rb:163:in `each'
/opt/chefdk/embedded/lib/ruby/gems/2.5.0/gems/chef-14.2.0/lib/chef/run_context/cookbook_compiler.rb:163:in `compile_recipes'
/opt/chefdk/embedded/lib/ruby/gems/2.5.0/gems/chef-14.2.0/lib/chef/run_context/cookbook_compiler.rb:79:in `compile'
/opt/chefdk/embedded/lib/ruby/gems/2.5.0/gems/chef-14.2.0/lib/chef/run_context.rb:199:in `load'
/opt/chefdk/embedded/lib/ruby/gems/2.5.0/gems/chef-14.2.0/lib/chef/policy_builder/expand_node_object.rb:97:in `setup_run_context'
/opt/chefdk/embedded/lib/ruby/gems/2.5.0/gems/chef-14.2.0/lib/chef/client.rb:512:in `setup_run_context'
/opt/chefdk/embedded/lib/ruby/gems/2.5.0/gems/chef-14.2.0/lib/chef/client.rb:278:in `run'
/opt/chefdk/embedded/lib/ruby/gems/2.5.0/gems/chef-14.2.0/lib/chef/application.rb:303:in `run_with_graceful_exit_option'
/opt/chefdk/embedded/lib/ruby/gems/2.5.0/gems/chef-14.2.0/lib/chef/application.rb:279:in `block in run_chef_client'
/opt/chefdk/embedded/lib/ruby/gems/2.5.0/gems/chef-14.2.0/lib/chef/local_mode.rb:44:in `with_server_connectivity'
/opt/chefdk/embedded/lib/ruby/gems/2.5.0/gems/chef-14.2.0/lib/chef/application.rb:261:in `run_chef_client'
/opt/chefdk/embedded/lib/ruby/gems/2.5.0/gems/chef-14.2.0/lib/chef/application/client.rb:441:in `run_application'
/opt/chefdk/embedded/lib/ruby/gems/2.5.0/gems/chef-14.2.0/lib/chef/application.rb:66:in `run'
/opt/chefdk/embedded/lib/ruby/gems/2.5.0/gems/chef-14.2.0/lib/chef/application/solo.rb:224:in `run'
/opt/chefdk/embedded/lib/ruby/gems/2.5.0/gems/chef-14.2.0/bin/chef-solo:25:in `<top (required)>'
/usr/bin/chef-solo:272:in `load'
/usr/bin/chef-solo:272:in `<main>'